obj\Debug\netstandard2.1\blazor\linker\AnyClone.dll
obj\Debug\netstandard2.1\blazor\linker\Blazor-State.dll
obj\Debug\netstandard2.1\blazor\linker\BlazorWebAssem.dll
obj\Debug\netstandard2.1\blazor\linker\DevExpress.Blazor.dll
obj\Debug\netstandard2.1\blazor\linker\DevExtreme.AspNet.Data.dll
obj\Debug\netstandard2.1\blazor\linker\MediatR.dll
obj\Debug\netstandard2.1\blazor\linker\MediatR.Extensions.Microsoft.DependencyInjection.dll
obj\Debug\netstandard2.1\blazor\linker\Microsoft.AspNetCore.Authentication.Abstractions.dll
obj\Debug\netstandard2.1\blazor\linker\Microsoft.AspNetCore.Authentication.Cookies.dll
obj\Debug\netstandard2.1\blazor\linker\Microsoft.AspNetCore.Authentication.Core.dll
obj\Debug\netstandard2.1\blazor\linker\Microsoft.AspNetCore.Authentication.dll
obj\Debug\netstandard2.1\blazor\linker\Microsoft.AspNetCore.Authorization.dll
obj\Debug\netstandard2.1\blazor\linker\Microsoft.AspNetCore.Blazor.dll
obj\Debug\netstandard2.1\blazor\linker\Microsoft.AspNetCore.Blazor.HttpClient.dll
obj\Debug\netstandard2.1\blazor\linker\Microsoft.AspNetCore.Components.dll
obj\Debug\netstandard2.1\blazor\linker\Microsoft.AspNetCore.Components.Forms.dll
obj\Debug\netstandard2.1\blazor\linker\Microsoft.AspNetCore.Components.Web.dll
obj\Debug\netstandard2.1\blazor\linker\Microsoft.AspNetCore.Cryptography.Internal.dll
obj\Debug\netstandard2.1\blazor\linker\Microsoft.AspNetCore.Cryptography.KeyDerivation.dll
obj\Debug\netstandard2.1\blazor\linker\Microsoft.AspNetCore.DataProtection.Abstractions.dll
obj\Debug\netstandard2.1\blazor\linker\Microsoft.AspNetCore.DataProtection.dll
obj\Debug\netstandard2.1\blazor\linker\Microsoft.AspNetCore.Hosting.Abstractions.dll
obj\Debug\netstandard2.1\blazor\linker\Microsoft.AspNetCore.Hosting.Server.Abstractions.dll
obj\Debug\netstandard2.1\blazor\linker\Microsoft.AspNetCore.Http.Abstractions.dll
obj\Debug\netstandard2.1\blazor\linker\Microsoft.AspNetCore.Http.dll
obj\Debug\netstandard2.1\blazor\linker\Microsoft.AspNetCore.Http.Extensions.dll
obj\Debug\netstandard2.1\blazor\linker\Microsoft.AspNetCore.Http.Features.dll
obj\Debug\netstandard2.1\blazor\linker\Microsoft.AspNetCore.Identity.dll
obj\Debug\netstandard2.1\blazor\linker\Microsoft.AspNetCore.Identity.EntityFrameworkCore.dll
obj\Debug\netstandard2.1\blazor\linker\Microsoft.AspNetCore.Metadata.dll
obj\Debug\netstandard2.1\blazor\linker\Microsoft.AspNetCore.WebUtilities.dll
obj\Debug\netstandard2.1\blazor\linker\Microsoft.Bcl.AsyncInterfaces.dll
obj\Debug\netstandard2.1\blazor\linker\Microsoft.Bcl.HashCode.dll
obj\Debug\netstandard2.1\blazor\linker\Microsoft.CSharp.dll
obj\Debug\netstandard2.1\blazor\linker\Microsoft.Data.SqlClient.dll
obj\Debug\netstandard2.1\blazor\linker\Microsoft.EntityFrameworkCore.Abstractions.dll
obj\Debug\netstandard2.1\blazor\linker\Microsoft.EntityFrameworkCore.Design.dll
obj\Debug\netstandard2.1\blazor\linker\Microsoft.EntityFrameworkCore.dll
obj\Debug\netstandard2.1\blazor\linker\Microsoft.EntityFrameworkCore.Relational.dll
obj\Debug\netstandard2.1\blazor\linker\Microsoft.EntityFrameworkCore.SqlServer.dll
obj\Debug\netstandard2.1\blazor\linker\Microsoft.Extensions.Caching.Abstractions.dll
obj\Debug\netstandard2.1\blazor\linker\Microsoft.Extensions.Caching.Memory.dll
obj\Debug\netstandard2.1\blazor\linker\Microsoft.Extensions.Configuration.Abstractions.dll
obj\Debug\netstandard2.1\blazor\linker\Microsoft.Extensions.Configuration.Binder.dll
obj\Debug\netstandard2.1\blazor\linker\Microsoft.Extensions.Configuration.dll
obj\Debug\netstandard2.1\blazor\linker\Microsoft.Extensions.DependencyInjection.Abstractions.dll
obj\Debug\netstandard2.1\blazor\linker\Microsoft.Extensions.DependencyInjection.dll
obj\Debug\netstandard2.1\blazor\linker\Microsoft.Extensions.FileProviders.Abstractions.dll
obj\Debug\netstandard2.1\blazor\linker\Microsoft.Extensions.Hosting.Abstractions.dll
obj\Debug\netstandard2.1\blazor\linker\Microsoft.Extensions.Identity.Core.dll
obj\Debug\netstandard2.1\blazor\linker\Microsoft.Extensions.Identity.Stores.dll
obj\Debug\netstandard2.1\blazor\linker\Microsoft.Extensions.Logging.Abstractions.dll
obj\Debug\netstandard2.1\blazor\linker\Microsoft.Extensions.Logging.Debug.dll
obj\Debug\netstandard2.1\blazor\linker\Microsoft.Extensions.Logging.dll
obj\Debug\netstandard2.1\blazor\linker\Microsoft.Extensions.ObjectPool.dll
obj\Debug\netstandard2.1\blazor\linker\Microsoft.Extensions.Options.dll
obj\Debug\netstandard2.1\blazor\linker\Microsoft.Extensions.Primitives.dll
obj\Debug\netstandard2.1\blazor\linker\Microsoft.Extensions.WebEncoders.dll
obj\Debug\netstandard2.1\blazor\linker\Microsoft.Identity.Client.dll
obj\Debug\netstandard2.1\blazor\linker\Microsoft.JSInterop.dll
obj\Debug\netstandard2.1\blazor\linker\Microsoft.Net.Http.Headers.dll
obj\Debug\netstandard2.1\blazor\linker\Microsoft.Win32.Registry.dll
obj\Debug\netstandard2.1\blazor\linker\Mono.Security.dll
obj\Debug\netstandard2.1\blazor\linker\Mono.WebAssembly.Interop.dll
obj\Debug\netstandard2.1\blazor\linker\mscorlib.dll
obj\Debug\netstandard2.1\blazor\linker\netstandard.dll
obj\Debug\netstandard2.1\blazor\linker\Newtonsoft.Json.dll
obj\Debug\netstandard2.1\blazor\linker\Radzen.Blazor.dll
obj\Debug\netstandard2.1\blazor\linker\System.Collections.Immutable.dll
obj\Debug\netstandard2.1\blazor\linker\System.ComponentModel.DataAnnotations.dll
obj\Debug\netstandard2.1\blazor\linker\System.Core.dll
obj\Debug\netstandard2.1\blazor\linker\System.Data.dll
obj\Debug\netstandard2.1\blazor\linker\System.Diagnostics.DiagnosticSource.dll
obj\Debug\netstandard2.1\blazor\linker\System.dll
obj\Debug\netstandard2.1\blazor\linker\System.Drawing.Common.dll
obj\Debug\netstandard2.1\blazor\linker\System.Linq.Dynamic.Core.dll
obj\Debug\netstandard2.1\blazor\linker\System.Net.Http.dll
obj\Debug\netstandard2.1\blazor\linker\System.Numerics.dll
obj\Debug\netstandard2.1\blazor\linker\System.Runtime.CompilerServices.Unsafe.dll
obj\Debug\netstandard2.1\blazor\linker\System.Runtime.Serialization.dll
obj\Debug\netstandard2.1\blazor\linker\System.Security.Cryptography.Xml.dll
obj\Debug\netstandard2.1\blazor\linker\System.Security.dll
obj\Debug\netstandard2.1\blazor\linker\System.Security.Permissions.dll
obj\Debug\netstandard2.1\blazor\linker\System.ServiceModel.Internals.dll
obj\Debug\netstandard2.1\blazor\linker\System.Text.Encodings.Web.dll
obj\Debug\netstandard2.1\blazor\linker\System.Text.Json.dll
obj\Debug\netstandard2.1\blazor\linker\System.Transactions.dll
obj\Debug\netstandard2.1\blazor\linker\System.Xml.dll
obj\Debug\netstandard2.1\blazor\linker\System.Xml.Linq.dll
obj\Debug\netstandard2.1\blazor\linker\TypeSupport.dll
obj\Debug\netstandard2.1\blazor\linker\WebAssembly.Bindings.dll
obj\Debug\netstandard2.1\blazor\linker\WebAssembly.Net.Http.dll
obj\Debug\netstandard2.1\blazor\linker\BlazorWebAssem.pdb
obj\Debug\netstandard2.1\blazor\linker\Microsoft.Data.SqlClient.pdb
